C51 COMPILER V9.06   KEYSCAN                                                               04/09/2017 00:10:42 PAGE 1   


C51 COMPILER V9.06, COMPILATION OF MODULE KEYSCAN
OBJECT MODULE PLACED IN .\Objects\keyscan.obj
COMPILER INVOKED BY: d:\Keil_v5\C51\BIN\C51.EXE source code\keyscan.c OPTIMIZE(8,SPEED) BROWSE INCDIR(.\include) DEBUG O
                    -BJECTEXTEND PRINT(.\Listings\keyscan.lst) TABS(2) OBJECT(.\Objects\keyscan.obj)

line level    source

   1          #include <stc15.h>
   2          #include "mytype.h"
   3          #include "main.h"
   4          #include "keyscan.h"
   5          
   6          typedef enum Key_State{Init_State,Affirm_State,Single_State,Repeat_State};
   7          
   8          sbit KEY1 = P3^2;
   9          sbit KEY2 = P3^1;
  10          sbit KEY3 = P3^0;
  11          
  12          
  13          void Key1_Scan()
  14          {
  15   1        static uint8 Key_StateValue = 0;
  16   1        uint8 Key_Value = KEY1;
  17   1        switch(Key_StateValue)
  18   1        {
  19   2          case Init_State:
  20   2          {
  21   3            if(Key_Value)
  22   3              Key_StateValue = Init_State;
  23   3            else
  24   3              Key_StateValue = Affirm_State;
  25   3          }
  26   2          break;
  27   2          case Affirm_State:
  28   2          {
  29   3            if(Key_Value)
  30   3              Key_StateValue = Init_State;
  31   3            else
  32   3            {
  33   4              Key_StateValue = Single_State;      
  34   4            }     
  35   3          }
  36   2          break;
  37   2          case Single_State:
  38   2          {
  39   3            if(Key_Value)
  40   3            { 
  41   4              Key_StateValue = Init_State;
  42   4              IR_Send(IR_Dat_Open);
  43   4            }
  44   3            while(!KEY1)  //À… ÷ºÏ≤‚
  45   3              break;
  46   3          }
  47   2          break;
  48   2          default:Key_StateValue = Init_State;
  49   2          break;  
  50   2        }
  51   1      }
  52          
  53          
  54          void Key2_Scan()
C51 COMPILER V9.06   KEYSCAN                                                               04/09/2017 00:10:42 PAGE 2   

  55          {
  56   1        static uint8 Key_StateValue = 0;
  57   1        static uint8 Time = 0;
  58   1        uint8 Key_Value = KEY2;
  59   1        switch(Key_StateValue)
  60   1        {
  61   2          case Init_State:
  62   2          {
  63   3            if(Key_Value)
  64   3              Key_StateValue = Init_State;
  65   3            else
  66   3              Key_StateValue = Affirm_State;
  67   3          }
  68   2          break;
  69   2          case Affirm_State:
  70   2          {
  71   3            if(Key_Value)
  72   3              Key_StateValue = Init_State;
  73   3            else
  74   3            {
  75   4              Time = 0;
  76   4              Key_StateValue = Single_State;      
  77   4            }     
  78   3          }
  79   2          break;
  80   2          case Single_State:
  81   2          {
  82   3            if(Key_Value)
  83   3            { 
  84   4              Key_StateValue = Init_State;
  85   4              IR_Send(IR_Dat_Speed);      
  86   4            }
  87   3            while(!KEY2)  //À… ÷ºÏ≤‚
  88   3              break;      
  89   3          }
  90   2          break;
  91   2          default:Key_StateValue = Init_State;
  92   2          break;  
  93   2        }
  94   1      }
  95          void Key3_Scan()
  96          {
  97   1        static uint8 Key_StateValue = 0;
  98   1        static uint8 Time = 0;
  99   1        uint8 Key_Value = KEY3;
 100   1        switch(Key_StateValue)
 101   1        {
 102   2          case Init_State:
 103   2          {
 104   3            if(Key_Value)
 105   3              Key_StateValue = Init_State;
 106   3            else
 107   3              Key_StateValue = Affirm_State;
 108   3          }
 109   2          break;
 110   2          case Affirm_State:
 111   2          {
 112   3            if(Key_Value)
 113   3              Key_StateValue = Init_State;
 114   3            else
 115   3            {
 116   4              Key_StateValue = Single_State;      
C51 COMPILER V9.06   KEYSCAN                                                               04/09/2017 00:10:42 PAGE 3   

 117   4            }     
 118   3          }
 119   2          break;
 120   2          case Single_State:
 121   2          {
 122   3            Time++;
 123   3            if(Key_Value)
 124   3            { 
 125   4              Key_StateValue = Init_State;
 126   4              IR_Send(IR_Dat_Turn);     
 127   4            }
 128   3            while(!KEY3)  //À… ÷ºÏ≤‚
 129   3              break;      
 130   3          }
 131   2          break;
 132   2          default:Key_StateValue = Init_State;
 133   2          break;  
 134   2        }
 135   1      }
 136          
 137          //void Timer0_Init()
 138          //{
 139          //  AUXR &= 0x7F;   //?????12T??
 140          //  TMOD &= 0xF0;   //???????
 141          //  TL0 = 0x00;   //??????
 142          //  TH0 = 0xDC;   //??????
 143          //  TF0 = 0;    //??TF0??
 144          //  TR0 = 1;    //???0????
 145          //}


MODULE INFORMATION:   STATIC OVERLAYABLE
   CODE SIZE        =    173    ----
   CONSTANT SIZE    =   ----    ----
   XDATA SIZE       =   ----    ----
   PDATA SIZE       =   ----    ----
   DATA SIZE        =      5    ----
   IDATA SIZE       =   ----    ----
   BIT SIZE         =   ----    ----
END OF MODULE INFORMATION.


C51 COMPILATION COMPLETE.  0 WARNING(S),  0 ERROR(S)
