C51 COMPILER V9.06   MAIN                                                                  04/09/2017 00:10:42 PAGE 1   


C51 COMPILER V9.06, COMPILATION OF MODULE MAIN
OBJECT MODULE PLACED IN .\Objects\main.obj
COMPILER INVOKED BY: d:\Keil_v5\C51\BIN\C51.EXE source code\main.c OPTIMIZE(8,SPEED) BROWSE INCDIR(.\include) DEBUG OBJE
                    -CTEXTEND PRINT(.\Listings\main.lst) TABS(2) OBJECT(.\Objects\main.obj)

line level    source

   1          #include "stc15.h"
   2          #include "keyscan.h"
   3          #include "mytype.h"
   4          #include "intrins.h"
   5          
   6          
   7          typedef enum IR_Function{open = 0x13F << 5,speed = 0x13D << 5,turn = 0x11C << 5};
   8          
   9          //uchar IR_Dat_Open[]  = {0,0,1,0,0,1,1,1,1,1,1};
  10          //uchar IR_Dat_Speed[] = {0,0,1,0,0,1,1,1,1,0,1};
  11          //uchar IR_Dat_Turn[]  = {0,0,1,0,0,0,1,1,1,0,0};
  12          
  13          #define FOSC 11059200L
  14          
  15          //-----------------------------------------------
  16          
  17          #define F38_0KHz (65536-FOSC/2/38000)    //1T??
  18          //#define F38_0KHz (65536-FOSC/2/12/38000) //12T??
  19          
  20          //-----------------------------------------------
  21          
  22          uint16 IR_Dat_Open = 0x13F << 5;
  23          uint16 IR_Dat_Speed = 0x13D << 5;
  24          uint16 IR_Dat_Turn = 0x11C << 5;
  25          
  26          void Delay10us()    //@11.0592MHz
  27          {
  28   1        unsigned char i;
  29   1      
  30   1        _nop_();
  31   1        i = 25;
  32   1        while (--i);
  33   1      }
  34          
  35          void Delay10ms()    //@11.0592MHz
  36          {
  37   1        unsigned char i, j;
  38   1      
  39   1        i = 108;
  40   1        j = 145;
  41   1        do
  42   1        {
  43   2          while (--j);
  44   2        } while (--i);
  45   1      }
  46          
  47          void IR_0()
  48          {
  49   1        uint8 i = 0;
  50   1        INT_CLKO = 0x01;
  51   1        for(i = 130; i >0 ; i--)
  52   1          Delay10us();
  53   1        INT_CLKO = 0x00;
  54   1        for(i = 30; i >0 ; i--)
C51 COMPILER V9.06   MAIN                                                                  04/09/2017 00:10:42 PAGE 2   

  55   1          Delay10us();
  56   1        INT_CLKO = 0x00;  
  57   1      }
  58          
  59          void IR_1()
  60          {
  61   1        uint8 i = 0;
  62   1        INT_CLKO = 0x01;
  63   1        for(i = 48; i >0 ; i--)
  64   1          Delay10us();
  65   1        INT_CLKO = 0x00;
  66   1        for(i = 114; i >0 ; i--)
  67   1          Delay10us();
  68   1        INT_CLKO = 0x00;
  69   1      }
  70          
  71          
  72          void IR_Send(uint16 ir_dat)
  73          {
  74   1        uint16 i,j;
  75   1        uint16 ir_temp;
  76   1        for(j = 3; j > 0; j--)
  77   1        {
  78   2          ir_temp = ir_dat;
  79   2          for(i = 11; i > 0; i--)
  80   2          {
  81   3            if(ir_temp & 0x8000)
  82   3              IR_1();
  83   3            else
  84   3              IR_0();
  85   3            ir_temp <<= 1;
  86   3          }
  87   2          switch(ir_dat)
  88   2          {
  89   3            case open:
  90   3            {
  91   4              INT_CLKO = 0x01;
  92   4              for(i = 118; i >0 ; i--)
  93   4                Delay10us();
  94   4              INT_CLKO = 0x00;
  95   4              for(i = 645; i >0 ; i--)
  96   4                Delay10us();
  97   4              INT_CLKO = 0x00;      
  98   4            }break;
  99   3            case speed: case turn:
 100   3            {
 101   4              INT_CLKO = 0x01;
 102   4              for(i = 44; i >0 ; i--)
 103   4                Delay10us();
 104   4              INT_CLKO = 0x00;
 105   4              for(i = 713; i >0 ; i--)
 106   4                Delay10us();
 107   4              INT_CLKO = 0x00;
 108   4            }break;
 109   3            default:break;
 110   3          }   
 111   2        }
 112   1      }
 113          
 114          
 115          
 116          void main()
C51 COMPILER V9.06   MAIN                                                                  04/09/2017 00:10:42 PAGE 3   

 117          {
 118   1          P3M0 = 0x00;
 119   1          P3M1 = 0x00;
 120   1        
 121   1          WKTCL = 99;   //掉电唤醒周期
 122   1          WKTCH = 0x80; //使能掉电唤醒定时器
 123   1        
 124   1          AUXR |= 0x80;                   //???0?1T??
 125   1      //  AUXR &= ~0x80;                  //???0?12T??
 126   1      
 127   1          TMOD = 0x00;                    //????????0(16??????)
 128   1          
 129   1          TMOD &= ~0x04;                  //C/T0=0, ???????????
 130   1      //  TMOD |= 0x04;                   //C/T0=1, ?T0?????????????
 131   1      
 132   1          TL0 = F38_0KHz;                 //??????
 133   1          TH0 = F38_0KHz >> 8;
 134   1          TR0 = 1;
 135   1      
 136   1          while (1)
 137   1          {
 138   2            PCON = 0x02;      //进入掉电模式
 139   2            _nop_();_nop_();
 140   2            Key1_Scan();
 141   2            Key2_Scan();
 142   2            Key3_Scan();
 143   2          }
 144   1      }


MODULE INFORMATION:   STATIC OVERLAYABLE
   CODE SIZE        =    282    ----
   CONSTANT SIZE    =   ----    ----
   XDATA SIZE       =   ----    ----
   PDATA SIZE       =   ----    ----
   DATA SIZE        =      6       4
   IDATA SIZE       =   ----    ----
   BIT SIZE         =   ----    ----
END OF MODULE INFORMATION.


C51 COMPILATION COMPLETE.  0 WARNING(S),  0 ERROR(S)
