C51 COMPILER V9.06   MAIN                                                                  12/07/2016 17:09:14 PAGE 1   


C51 COMPILER V9.06, COMPILATION OF MODULE MAIN
OBJECT MODULE PLACED IN .\Objects\main.obj
COMPILER INVOKED BY: D:\Keil uV5\C51\BIN\C51.EXE Source Code\main.c OMF2 OPTIMIZE(8,SPEED) BROWSE INCDIR(.\Include) DEBU
                    -G PRINT(.\Listings\main.lst) TABS(2) OBJECT(.\Objects\main.obj)

line level    source

   1          #include <stc15.h>
   2          
   3          typedef unsigned char uint8;
   4          typedef unsigned int uint16;
   5          
   6          sbit IR = P3^2;
   7          uint8 IR_DATA[4];
   8          
   9          void Uart_Init(void)    //9600bps@24.000MHz
  10          {
  11   1        SCON = 0x50;    //8???,?????
  12   1        AUXR |= 0x01;   //??1?????2???????
  13   1        AUXR |= 0x04;   //???2???Fosc,?1T
  14   1        T2L = 0x8F;   //??????
  15   1        T2H = 0xFD;   //??????
  16   1        AUXR |= 0x10;   //?????2
  17   1      }
  18          
  19          void Uart_Send(uint8 dat)
  20          {
  21   1        SBUF = dat;
  22   1        while(!TI);
  23   1        TI = 0;
  24   1      }
  25          void Delay100us()   //@24.000MHz
  26          {
  27   1        unsigned char i, j;
  28   1      
  29   1        i = 3;
  30   1        j = 82;
  31   1        do
  32   1        {
  33   2          while (--j);
  34   2        } while (--i);
  35   1      }
  36          
  37          void Int0_Init(void)
  38          {
  39   1        IT0 = 0;  //外部中断 下降沿触发
  40   1        EX0 = 1;  //使能外部中断
  41   1        EA  = 1;  //使能总中断  
  42   1      }
  43          
  44          void Int0_ISR(void) interrupt 0
  45          {
  46   1        static uint8 time = 0;
  47   1        uint8 IR_Temp = 0,i = 0;
  48   1        EX0 = 0;
  49   1        while(!IR)
  50   1        {
  51   2          Delay100us();
  52   2          time++;
  53   2        }
  54   1        if(time < 80)   //引导码低电平 < 8ms
C51 COMPILER V9.06   MAIN                                                                  12/07/2016 17:09:14 PAGE 2   

  55   1        {
  56   2          EX0 = 1;  
  57   2          return;       //跳出中断
  58   2        }
  59   1        time = 0;
  60   1        while(IR)
  61   1        {
  62   2          Delay100us();
  63   2          time++;
  64   2        }
  65   1        if(time < 30)   //引导码高电平 < 3ms
  66   1        {
  67   2          EX0 = 1;
  68   2          return;
  69   2        }
  70   1      
  71   1      //用户码
  72   1        while(i++<32)
  73   1        {
  74   2          time = 0;
  75   2          IR_Temp >>= 1;
  76   2          while(!IR);   //跳过低电平
  77   2          while(IR)
  78   2          {
  79   3            Delay100us();
  80   3            time++;
  81   3          }
  82   2          if(time > 10)
  83   2            IR_Temp |= 0x80;
  84   2          if(i==8)
  85   2            IR_DATA[0] = IR_Temp;   //用户码
  86   2          else if(i == 16)
  87   2            IR_DATA[1] = IR_Temp;   //用户反码
  88   2          else if(i == 24)      
  89   2            IR_DATA[2] = IR_Temp;   //操作码
  90   2          else if(i == 32)    
  91   2            IR_DATA[3] = IR_Temp;   //操作反码
  92   2        }
  93   1      //校验数据
  94   1        if(IR_DATA[2] != ~IR_DATA[3])
  95   1        {
  96   2          EX0 = 1;
  97   2          return;
  98   2        }
  99   1      
 100   1          SBUF = IR_DATA[3];
 101   1          while(!TI);
 102   1          TI = 0;
 103   1          EX0 = 1;  
 104   1      }
 105          
 106          
 107          
 108          void main(void)
 109          {
 110   1        Uart_Init();
 111   1        Int0_Init();
 112   1        while(1)
 113   1        {
 114   2      
 115   2        }
 116   1      }
C51 COMPILER V9.06   MAIN                                                                  12/07/2016 17:09:14 PAGE 3   



MODULE INFORMATION:   STATIC OVERLAYABLE
   CODE SIZE        =    220    ----
   CONSTANT SIZE    =   ----    ----
   XDATA SIZE       =   ----    ----
   PDATA SIZE       =   ----    ----
   DATA SIZE        =      5    ----
   IDATA SIZE       =   ----    ----
   BIT SIZE         =   ----    ----
   EDATA SIZE       =   ----    ----
   HDATA SIZE       =   ----    ----
   XDATA CONST SIZE =   ----    ----
   FAR CONST SIZE   =   ----    ----
END OF MODULE INFORMATION.


C51 COMPILATION COMPLETE.  0 WARNING(S),  0 ERROR(S)
