C51 COMPILER V6.12  SMG                                                                    07/30/2014 16:27:43 PAGE 1   


C51 COMPILER V6.12, COMPILATION OF MODULE SMG
OBJECT MODULE PLACED IN .\smg.OBJ
COMPILER INVOKED BY: D:\keilC51\C51\BIN\C51.EXE .\smg.c DEBUG OBJECTEXTEND

stmt level    source

   1          #include <STC12C2052AD.H>
   2          
   3          //段定义段选
   4          sbit a = P1^0;
   5          sbit b = P1^1;
   6          sbit c = P1^2;
   7          sbit d = P1^3;
   8          sbit e = P1^4;
   9          sbit f = P1^5;
  10          sbit g = P1^6;
  11          sbit h = P1^7;
  12          
  13          //定义位选
  14          sbit gnd1 = P3^4;
  15          sbit gnd2 = P3^5;
  16          
  17          
  18          
  19          
  20          //0-F字形码
  21          const unsigned char seg7[16] = 
  22          {	0x3F,/*0*/
  23          	0x06,/*1*/
  24          	0x5B,/*2*/
  25          	0x4F,/*3*/
  26          	0x66,/*4*/
  27          	0x6D,/*5*/
  28          	0x7D,/*6*/
  29          	0x07,/*7*/
  30          	0x7F,/*8*/
  31          	0x6F,/*9*/
  32          	0x77,/*A*/
  33          	0x7C,/*b*/
  34          	0x39,/*C*/
  35          	0x5E,/*d*/
  36          	0x79,/*E*/
  37          	0x71,/*F*/
  38          };
  39          
  40          //延时函数
  41          void ms_delay(unsigned int t)
  42          {
  43   1      	unsigned int i;
  44   1      	for (t; t > 0;t--)
  45   1      		for (i = 110;i > 0; i--)
  46   1      		;
  47   1      }
  48          
  49          //主函数
  50          	main()
  51          	{
  52   1      	int num = 0;
  53   1      	
  54   1      	//配置端口开漏输出
  55   1      	P1M1 = 0X00;
C51 COMPILER V6.12  SMG                                                                    07/30/2014 16:27:43 PAGE 2   

  56   1      	P1M0 = 0X00;
  57   1      	P3M0 = 0x00;
  58   1      	P3M1 = 0xff;
  59   1      	while(1)
  60   1      	{
  61   2      	P1 = seg7[num];
  62   2      	ms_delay(1000);
  63   2      	num ++;
  64   2      	if (num > 15)
  65   2      		num = 0;
  66   2      	}
  67   1      }


MODULE INFORMATION:   STATIC OVERLAYABLE
   CODE SIZE        =     77    ----
   CONSTANT SIZE    =   ----    ----
   XDATA SIZE       =   ----    ----
   PDATA SIZE       =   ----    ----
   DATA SIZE        =     16    ----
   IDATA SIZE       =   ----    ----
   BIT SIZE         =   ----    ----
END OF MODULE INFORMATION.


C51 COMPILATION COMPLETE.  0 WARNING(S),  0 ERROR(S)
