C51 COMPILER V9.06   DS18B20                                                               11/09/2016 23:06:00 PAGE 1   


C51 COMPILER V9.06, COMPILATION OF MODULE DS18B20
OBJECT MODULE PLACED IN ds18b20.OBJ
COMPILER INVOKED BY: D:\Keil uV5\C51\BIN\C51.EXE ds18b20.c OPTIMIZE(8,SPEED) BROWSE DEBUG OBJECTEXTEND TABS(2)

line level    source

   1          #include <reg52.h>
   2          #include <intrins.h>
   3          
   4          typedef unsigned char uchar;
   5          typedef unsigned int uint;
   6          
   7          uchar code Number[] = {'0','1','2','3','4','5','6','7','8','9'};
   8          //uchar  c[] = {'0','0','.','0','\n'};
   9          uchar Tem[6] = {0,0,'.',0,0xA1,0xE6};
  10          
  11          sbit DQ = P2^2;   // 数据总线
  12          sbit LED = P1^6;
  13          void delay(uint us);
  14          void DelayMs(uint ms);
  15          void compute(uchar lsb,uchar msb);
  16          
  17          //  11.0592Mhz 约1ms延时
  18          void DelayMs(uint ms)
  19          {
  20   1        uchar i,j;
  21   1        while(ms--)
  22   1        {
  23   2          for(i = 0; i < 9; i++)
  24   2            for(j = 0; j < 177; j++);
  25   2        } 
  26   1      }
  27          // 11.0592Mhz 约2us延时
  28          void delay(uint us)   
  29          { 
  30   1        uint i;
  31   1        for(i = 0; i < us; i++)
  32   1          _nop_();
  33   1      }
  34          
  35          void DS18B20_Write(uchar udata)
  36          {
  37   1        uchar i;
  38   1        uchar dat;
  39   1        for(i = 0; i < 8; i++)
  40   1        {
  41   2          dat = udata & 0x01;
  42   2          udata = udata >> 1;   // udata右移一位准备下一次送上总线
  43   2          if(dat)
  44   2          {
  45   3            DQ = 0;   // 拉低总线
  46   3            delay(1); // 延时2us
  47   3            DQ = 1;   // 送1
  48   3            delay(40);  // 延时80us
  49   3            DQ = 1;   // 释放总线
  50   3            delay(1); // 延时2us
  51   3          }
  52   2          else
  53   2          {
  54   3            DQ = 0;   // 拉低总线
  55   3            delay(1); // 延时2us
C51 COMPILER V9.06   DS18B20                                                               11/09/2016 23:06:00 PAGE 2   

  56   3            DQ = 0;   // 送0
  57   3            delay(40);  // 延时80us;
  58   3            DQ = 1;   // 释放总线
  59   3            delay(1); // 延时2us;
  60   3          }
  61   2        } 
  62   1      }
  63          
  64          uchar DS18B20_Read()
  65          {
  66   1        uchar i;
  67   1        uchar udata = 0x00;
  68   1        for(i = 0; i < 8; i++)
  69   1        {
  70   2          udata = udata >> 1; // udata右移一位，第一次移位为空操作
  71   2          DQ = 0;     // 拉低总线
  72   2          delay(2);   // 延时4us，产生读时隙
  73   2          DQ = 1;     // 拉高总线
  74   2          if(DQ)
  75   2            udata |= 0x80;    // 1：读DQ数据并存放在udata最高位
  76   2          else
  77   2            udata |= 0x00;    // 0：读DQ数据并存放在udata最高位
  78   2          delay(40);    // 延时80us
  79   2          DQ = 1;     // 释放总线
  80   2          delay(1);   // 延时2us
  81   2        }
  82   1        return(udata);  
  83   1      }
  84          
  85          void DS18B20_Init()
  86          {
  87   1        DQ = 1;     // 拉高总线
  88   1        delay(1);
  89   1        
  90   1        DQ = 0;     // 拉低总线
  91   1        delay(350);   // 延时700us  
  92   1        DQ = 1;     // 释放总线
  93   1        delay(15);    // 延时30us
  94   1      //  while(DQ);    // 等待DS18B20拉低总线
  95   1          //LED = 0;  // 复位成功，点亮LED
  96   1        delay(100);   // 延时200us
  97   1        DQ = 1;     // 释放总线
  98   1        delay(150);   // 延时300us
  99   1      }
 100          
 101          void compute(uchar lsb,uchar msb)
 102          {
 103   1        uchar ge,shi,bai;
 104   1        uint num;
 105   1        uint temp;
 106   1        num = msb;
 107   1        num  <<= 8;
 108   1        num |= lsb;
 109   1        temp = num*0.0625*10+0.5; 
 110   1        bai = temp/100;   
 111   1        shi = temp%100/10;  
 112   1        ge  = temp%100%10;  
 113   1        Tem[0] = bai;
 114   1        Tem[1] = shi;
 115   1        Tem[3] = ge;
 116   1        Tem[0] = Number[Tem[0]];
 117   1        Tem[1] = Number[Tem[1]];
C51 COMPILER V9.06   DS18B20                                                               11/09/2016 23:06:00 PAGE 3   

 118   1        Tem[3] = Number[Tem[3]];
 119   1      }
 120          
 121          /*        Uart串口初始化        */
 122          void Uart_Init()  // 串口初始化
 123          {
 124   1        TMOD &= 0x0F; // 保留后定时器0设置，清空定时器1设置
 125   1        TMOD |= 0x20; // 定时器1 模式2
 126   1        SCON |= 0x50; // 串口方式1，8位UART波特率可变，可接收
 127   1        TH1   = 0xFD; // TL1溢出后将TH1的值装入
 128   1        TL1   = 0xFD; // 9600bps
 129   1        ET1   = 0;    // 关闭定时器1中断
 130   1        TR1   = 1;    // 开定时器1
 131   1      }
 132          /**********************************/
 133          
 134          void main()
 135          {
 136   1        uchar i;
 137   1        Uart_Init();  // 串口初始化
 138   1        while(1)
 139   1        {   
 140   2          // 初始化并启动温度转换
 141   2          DS18B20_Init();     // DS18B20初始化
 142   2          DS18B20_Write(0xCC);  // 跳过ROM地址
 143   2          DS18B20_Write(0x44);  // 启动温度转换
 144   2          DelayMs(1000);
 145   2          // 初始化，读温度
 146   2          DS18B20_Init();     // DS18B20初始化
 147   2          DS18B20_Write(0xCC);  // 跳过ROM地址
 148   2          DS18B20_Write(0xBE);  // 读取RAM命令
 149   2      //    Low = DS18B20_Read();
 150   2      //    Hight = DS18B20_Read();
 151   2          compute(DS18B20_Read(),DS18B20_Read());   //  先读低8位，再读高八位
 152   2          for(i = 0; i < 5; i++)
 153   2          {
 154   3            SBUF = Tem[i];
 155   3            while(!TI);
 156   3            TI = 0;
 157   3          }
 158   2      //  while(1);   
 159   2        }
 160   1      }


MODULE INFORMATION:   STATIC OVERLAYABLE
   CODE SIZE        =    398    ----
   CONSTANT SIZE    =     10    ----
   XDATA SIZE       =   ----    ----
   PDATA SIZE       =   ----    ----
   DATA SIZE        =      6       2
   IDATA SIZE       =   ----    ----
   BIT SIZE         =   ----    ----
END OF MODULE INFORMATION.


C51 COMPILATION COMPLETE.  0 WARNING(S),  0 ERROR(S)
