C51 COMPILER V9.06   UART                                                                  08/14/2017 21:45:26 PAGE 1   


C51 COMPILER V9.06, COMPILATION OF MODULE UART
OBJECT MODULE PLACED IN .\Objects\Uart.obj
COMPILER INVOKED BY: d:\Keil_v5\C51\BIN\C51.EXE Uart.c OPTIMIZE(8,SPEED) BROWSE DEBUG OBJECTEXTEND PRINT(.\Listings\Uart
                    -.lst) TABS(2) OBJECT(.\Objects\Uart.obj)

line level    source

   1          #include <stc15.h>
   2          #include <stdio.h>
   3          
   4          void Uart_Init()
   5          {
   6   1        SCON = 0x50;    //8位数据,可变波特率
   7   1        AUXR |= 0x01;   //串口1选择定时器2为波特率发生器
   8   1        AUXR &= 0xFB;   //定时器2时钟为Fosc/12,即12T
   9   1        T2L = 0xFE;   //设定定时初值
  10   1        T2H = 0xFF;   //设定定时初值
  11   1        AUXR |= 0x10;   //启动定时器2
  12   1      }
  13          
  14          void delay()
  15          {
  16   1        unsigned char i,j;
  17   1        for(i = 0; i < 255; i++)
  18   1          for(j = 0; j < 255; j++);
  19   1      }
  20          
  21          void main()
  22          {
  23   1        Uart_Init();
  24   1        delay();
  25   1        while(1)
  26   1        {
  27   2      //    TI = 1;
  28   2      //    printf("a\n");
  29   2      //    delay();
  30   2      //    while(!TI);
  31   2      //    TI = 0; 
  32   2            SBUF = 0x1a;
  33   2            while(!TI);
  34   2            TI = 0;
  35   2            delay();
  36   2        }
  37   1      }


MODULE INFORMATION:   STATIC OVERLAYABLE
   CODE SIZE        =     51    ----
   CONSTANT SIZE    =   ----    ----
   XDATA SIZE       =   ----    ----
   PDATA SIZE       =   ----    ----
   DATA SIZE        =   ----    ----
   IDATA SIZE       =   ----    ----
   BIT SIZE         =   ----    ----
END OF MODULE INFORMATION.


C51 COMPILATION COMPLETE.  0 WARNING(S),  0 ERROR(S)
