C51 COMPILER V9.06   DELAY                                                                 11/18/2016 22:59:08 PAGE 1   


C51 COMPILER V9.06, COMPILATION OF MODULE DELAY
OBJECT MODULE PLACED IN .\Output\Delay.obj
COMPILER INVOKED BY: D:\Keil uV5\C51\BIN\C51.EXE source\Delay.c OMF2 OPTIMIZE(8,SPEED) BROWSE INCDIR(.\include) DEBUG PR
                    -INT(.\Listing\Delay.lst) TABS(2) OBJECT(.\Output\Delay.obj)

line level    source

   1          #include<STC15.h>
   2          #include<intrins.h>
   3          #include"MYTYPE.h"
   4          #include"Delay.h"
   5          
   6          //  11.0592延时函数，单位ms
   7          void DelayMs(uint ms)
   8          {
   9   1        uchar i,j;
  10   1        while(ms--)
  11   1        {
  12   2          for(i = 0; i < 9; i++)
  13   2            for(j = 0; j < 177; j++);
  14   2        } 
  15   1      }
  16          //  11.0592Mhz  约2us延时
  17          void DelayUs(uint us)   
  18          { 
  19   1        uint i;
  20   1        for(i = 0; i < us; i++)
  21   1          _nop_();
  22   1      }


MODULE INFORMATION:   STATIC OVERLAYABLE
   CODE SIZE        =     47    ----
   CONSTANT SIZE    =   ----    ----
   XDATA SIZE       =   ----    ----
   PDATA SIZE       =   ----    ----
   DATA SIZE        =   ----    ----
   IDATA SIZE       =   ----    ----
   BIT SIZE         =   ----    ----
   EDATA SIZE       =   ----    ----
   HDATA SIZE       =   ----    ----
   XDATA CONST SIZE =   ----    ----
   FAR CONST SIZE   =   ----    ----
END OF MODULE INFORMATION.


C51 COMPILATION COMPLETE.  0 WARNING(S),  0 ERROR(S)
