C51 COMPILER V9.06   MAIN                                                                  11/18/2016 22:59:08 PAGE 1   


C51 COMPILER V9.06, COMPILATION OF MODULE MAIN
OBJECT MODULE PLACED IN .\Output\main.obj
COMPILER INVOKED BY: D:\Keil uV5\C51\BIN\C51.EXE source\main.c OMF2 OPTIMIZE(8,SPEED) BROWSE INCDIR(.\include) DEBUG PRI
                    -NT(.\Listing\main.lst) TABS(2) OBJECT(.\Output\main.obj)

line level    source

   1          #include <STC15.h> 
   2          #include "MYTYPE.h"
   3          #include "Delay.h"
   4          #include "UART.h"
   5          #include "nrf24l01_tx.h"
   6          #include "ds18b20.h"
   7          
   8          //  温度传感器
   9          //  NRF24L01 频道50
  10          //  收发地址：0x12,0x21,0xaa,0x34,0x43
  11          //  设备码A0
  12          
  13          
  14          //void Timer0_Init()
  15          //{
  16          //  AUXR &= 0x7F;
  17          //  TMOD &= 0xF0;
  18          //  TL0 = 0x00; 
  19          //  TH0 = 0xDC; 
  20          //  ET0 = 0;
  21          //  EA  = 1;
  22          //  TR0 = 1;    
  23          //}
  24          
  25          //void Timer0_ISR() interrupt 1
  26          //{
  27          //    static uchar time = 0;
  28          //    time++;
  29          //    if(time > 10)
  30          //    {
  31          //      SPI_RW_Reg(WRITE_REG + STATUS,0x7E);        //  清除状态寄存器
  32          //      SPI_Write_Buf(W_TX_PAYLOAD,TX_DAT,TX_PLOAD_WIDTH);  //  装载数据
  33          //      NRF24L01_TxPacket(TX_DAT);    //  发送    
  34          //    }
  35          //}
  36          
  37          void main(void)
  38          {
  39   1      //  uchar i = 0;
  40   1        P1M0 = 0x00;
  41   1        P1M1 = 0x00;
  42   1        DS18B20_Init();
  43   1      //  Timer0_Init();
  44   1        Uart_Init();
  45   1        SetTX_Mode();
  46   1        DelayMs(500);
  47   1        while(1)
  48   1        {
  49   2          DS18B20_Temperature_Read();
  50   2      //    SPI_RW_Reg(WRITE_REG + STATUS,0x7E);        //  清除状态寄存器
  51   2      //    SPI_Write_Buf(W_TX_PAYLOAD,TX_DAT,TX_PLOAD_WIDTH);  //  装载数据
  52   2      //    NRF24L01_TxPacket(TX_DAT);    //  发送  
  53   2        }   
  54   1      }
C51 COMPILER V9.06   MAIN                                                                  11/18/2016 22:59:08 PAGE 2   



MODULE INFORMATION:   STATIC OVERLAYABLE
   CODE SIZE        =     26    ----
   CONSTANT SIZE    =   ----    ----
   XDATA SIZE       =   ----    ----
   PDATA SIZE       =   ----    ----
   DATA SIZE        =   ----    ----
   IDATA SIZE       =   ----    ----
   BIT SIZE         =   ----    ----
   EDATA SIZE       =   ----    ----
   HDATA SIZE       =   ----    ----
   XDATA CONST SIZE =   ----    ----
   FAR CONST SIZE   =   ----    ----
END OF MODULE INFORMATION.


C51 COMPILATION COMPLETE.  0 WARNING(S),  0 ERROR(S)
