C51 COMPILER V9.06   NRF24L01_TX                                                           11/18/2016 22:59:09 PAGE 1   


C51 COMPILER V9.06, COMPILATION OF MODULE NRF24L01_TX
OBJECT MODULE PLACED IN .\Output\NRF24L01_TX.obj
COMPILER INVOKED BY: D:\Keil uV5\C51\BIN\C51.EXE source\NRF24L01_TX.c OMF2 OPTIMIZE(8,SPEED) BROWSE INCDIR(.\include) DE
                    -BUG PRINT(.\Listing\NRF24L01_TX.lst) TABS(2) OBJECT(.\Output\NRF24L01_TX.obj)

line level    source

   1          #include <STC15.h>
   2          #include "MYTYPE.h"
   3          #include "NRF24L01_TX.h"
   4          #include "delay.h"
   5          
   6          uchar const RX_ADDRESS[RX_ADR_WIDTH] = {0x12,0x21,0xaa,0x34,0x43};    // 接收地址
   7          uchar const TX_ADDRESS[TX_ADR_WIDTH] = {0x12,0x21,0xaa,0x34,0x43};    // 发送地址
   8          uchar TX_DAT[TX_PLOAD_WIDTH] = {0xA0,0x00,0x00,0x00,0x00};    //  发送内容
   9          
  10          //  NRF24L01 脚管定义
  11          //sbit CE  = P1^7;    // 芯片使能
  12          //sbit CSN = P1^6;    // SPI控制位
  13          //sbit SCK = P1^5;    // SPI时钟
  14          //sbit MOSI  = P1^4;    // 主出从入
  15          //sbit MISO  = P1^3;    // 主入从出
  16          
  17          sbit CE  = P1^2;    // 芯片使能
  18          sbit CSN = P1^3;    // SPI控制位
  19          sbit SCK = P1^4;    // SPI时钟
  20          sbit MOSI  = P1^5;    // 主出从入
  21          sbit MISO  = P1^6;    // 主入从出
  22          
  23          //  SPI写一字节
  24          uchar SPI_RW(uchar dat)
  25          {
  26   1        uchar i;
  27   1        for(i = 0; i < 8; i++)
  28   1        {
  29   2          MOSI = (dat & 0x80);  //  最高位放到线上
  30   2          dat  = (dat << 1);    //  数据左移一位
  31   2          SCK  = 1;       //  上升沿读入
  32   2          dat |= MISO;      //  接收从机返回数据
  33   2          SCK  = 0;       //  下降沿输出
  34   2        }
  35   1        return(dat);
  36   1      }
  37          
  38          //  SPI写寄存器值
  39          uchar SPI_RW_Reg(uchar reg,uchar value)
  40          {
  41   1        uchar status;
  42   1        CSN = 0;        //  使能SPI，开始数据传输
  43   1        status = SPI_RW(reg); //  选择寄存器，同时返回状态字
  44   1        SPI_RW(value);      //  写值到reg
  45   1        CSN = 1;        //  失能SPI，结束数据传输
  46   1        return(status);
  47   1      }
  48          
  49          //  SPI读一字节
  50          uchar SPI_Read(uchar reg)
  51          {
  52   1        uchar reg_value;  //  存放寄存器值
  53   1        CSN = 0;      //  使能SPI，开始数据传输
  54   1        SPI_RW(reg);
C51 COMPILER V9.06   NRF24L01_TX                                                           11/18/2016 22:59:09 PAGE 2   

  55   1        reg_value = SPI_RW(0);  //  读取reg的值到reg_value
  56   1        CSN = 1;      //  失能SPI，结束数据传输
  57   1        return(reg_value);            
  58   1      }
  59          
  60          //  SPI读bytes字节
  61          uchar SPI_Read_Buf(uchar reg,uchar *pBuf,uchar bytes)
  62          {
  63   1        uchar status,i;
  64   1        CSN = 0;            //  使能SPI，开始数据传输
  65   1        status = SPI_RW(reg);     //  选择寄存器  
  66   1        for(i = 0; i < bytes; i++)
  67   1          pBuf[i] = SPI_RW(0);    //  读出数据
  68   1        CSN = 1;              //  失能SPI，结束数据传输
  69   1        return(status);
  70   1      }
  71          
  72          //  SPI写bytes字节
  73          uchar SPI_Write_Buf(uchar reg,uchar *pBuf,uchar bytes)
  74          {
  75   1        uchar status,i;
  76   1        CSN = 0;            //  使能SPI，开始数据传输
  77   1        status = SPI_RW(reg);   //  选择寄存器
  78   1        for(i = 0; i < bytes; i++)
  79   1          SPI_RW(*pBuf++);    //  写入bytes字节数据
  80   1        CSN = 1;            //  失能SPI，结束数据传输
  81   1        return(status);
  82   1      }
  83          
  84          //  NRF24L01发送函数
  85          void NRF24L01_TxPacket(uchar *pTxBuf)
  86          {
  87   1        CE = 0;
  88   1        SPI_Write_Buf(WRITE_REG + TX_ADDR,TX_ADDRESS,TX_ADR_WIDTH);     //  写本地地址
  89   1        SPI_Write_Buf(WRITE_REG + RX_ADDR_P0,RX_ADDRESS,RX_ADR_WIDTH);    //  写接收端地址  
  90   1        SPI_Write_Buf(W_TX_PAYLOAD,pTxBuf,TX_PLOAD_WIDTH);      //  装载发送内容
  91   1        SPI_RW_Reg(WRITE_REG + CONFIG,0x0E);            //  CRC使能、2字节CRC校验值、上电、发射模式 
  92   1        CE = 1;
  93   1        DelayMs(1); //  延时10us以上后发射  
  94   1      }
  95          
  96          //  NRF24L01初始化发射模式
  97          void SetTX_Mode(void)
  98          {
  99   1        CE  = 0;  //  芯片使能
 100   1        CSN = 1;  //  失能SPI 
 101   1        SCK = 0;  //  时钟线初始化为低电平
 102   1        SPI_RW_Reg(WRITE_REG + EN_AA,0x00);     //  关闭数据通道0~5自动应答
 103   1        SPI_RW_Reg(WRITE_REG + SETUP_RETR,0x00);  //  关闭自动重发
 104   1        SPI_RW_Reg(WRITE_REG + EN_RXADDR,0x01);   //  关闭接收通道0~5
 105   1        SPI_RW_Reg(WRITE_REG + RX_PW_P0,RX_PLOAD_WIDTH);  //  接收通道0接收数据长度 5字节
 106   1        SPI_RW_Reg(WRITE_REG + RF_CH,50);     //  射频通道2.44GHz
 107   1        SPI_RW_Reg(WRITE_REG + RF_SETUP,0x07);    //  低噪声放大器增益、0dBm、2Mbps
 108   1      }


MODULE INFORMATION:   STATIC OVERLAYABLE
   CODE SIZE        =    265    ----
   CONSTANT SIZE    =   ----    ----
   XDATA SIZE       =   ----    ----
   PDATA SIZE       =   ----    ----
   DATA SIZE        =     15      13
C51 COMPILER V9.06   NRF24L01_TX                                                           11/18/2016 22:59:09 PAGE 3   

   IDATA SIZE       =   ----    ----
   BIT SIZE         =   ----    ----
   EDATA SIZE       =   ----    ----
   HDATA SIZE       =   ----    ----
   XDATA CONST SIZE =   ----    ----
   FAR CONST SIZE   =   ----    ----
END OF MODULE INFORMATION.


C51 COMPILATION COMPLETE.  0 WARNING(S),  0 ERROR(S)
