C51 COMPILER V9.06   INS_ADC                                                               09/29/2016 23:51:08 PAGE 1   


C51 COMPILER V9.06, COMPILATION OF MODULE INS_ADC
OBJECT MODULE PLACED IN .\Output\Ins_ADC.obj
COMPILER INVOKED BY: D:\Keil uV4\C51\BIN\C51.EXE source code\Ins_ADC.c BROWSE INCDIR(..\NRF24L01_TX;.\include;.\source c
                    -ode) DEBUG OBJECTEXTEND PRINT(.\Listings\Ins_ADC.lst) OBJECT(.\Output\Ins_ADC.obj)

line level    source

   1          #include <STC12C2052AD.h>
   2          #include "MYTYPE.h"
   3          #include "Ins_ADC.h"
   4          #include "delay.h"
   5          
   6          
   7          
   8          uchar ADC_DATA_temp;            // ADC转换后存放在此变量“待NRF24L01发送”
   9          
  10          void Ins_ADC_Init()
  11          {
  12   1              P1M0 |= 0x01;   //      设置P1.0 开漏输出
  13   1              P1M1 |= 0x01;   //      设置P1.0 开漏输出
  14   1              ADC_CONTR = 0x80;       //      打开A/D转换电源
  15   1              DelayMs(1);
  16   1              ADC_CONTR = 0xE8;       //      启动转换
  17   1              EADC_SPI = 1;           //      允许A/D转换和SPI中断
  18   1              AUXR |= 0x10;           //      A/D单独中断允许位 
  19   1              EA = 1;                         //      打开总中断
  20   1      
  21   1      }
  22          
  23          void Ins_ADC_ISR()      interrupt 5
  24          {
  25   1              ADC_CONTR &= 0xEF;              //      清除A/D转换标识
  26   1              ADC_DATA_temp = ADC_DATA;       //      获取ADC转换结果
  27   1              ADC_CONTR |= 0x08;              //      启动A/D转换     
  28   1      }


MODULE INFORMATION:   STATIC OVERLAYABLE
   CODE SIZE        =     37    ----
   CONSTANT SIZE    =   ----    ----
   XDATA SIZE       =   ----    ----
   PDATA SIZE       =   ----    ----
   DATA SIZE        =      1    ----
   IDATA SIZE       =   ----    ----
   BIT SIZE         =   ----    ----
END OF MODULE INFORMATION.


C51 COMPILATION COMPLETE.  0 WARNING(S),  0 ERROR(S)
