C51 COMPILER V9.06   MAIN                                                                  11/11/2016 23:23:05 PAGE 1   


C51 COMPILER V9.06, COMPILATION OF MODULE MAIN
OBJECT MODULE PLACED IN .\Output\main.obj
COMPILER INVOKED BY: D:\Keil uV5\C51\BIN\C51.EXE source code\main.c OPTIMIZE(8,SPEED) BROWSE INCDIR(..\NRF24L01_TX;.\inc
                    -lude;.\source code) DEBUG OBJECTEXTEND PRINT(.\Listings\main.lst) TABS(2) OBJECT(.\Output\main.obj)

line level    source

   1          #include <STC15.h>
   2          #include "MYTYPE.h"
   3          #include "Delay.h"
   4          #include "NRF24L01_TX.h"
   5          #include "main.h"
   6          #include "keyscan.h"
   7          
   8          
   9          /*  11.0592Mhz  Uart串口初始化        */
  10          void Uart_Init()  // 串口初始化
  11          {
  12   1        TMOD &= 0x0F; // 保留后定时器0设置，清空定时器1设置
  13   1        TMOD |= 0x20; // 定时器1 模式2
  14   1        SCON |= 0x50; // 串口方式1，8位UART波特率可变，可接收
  15   1        TH1   = 0xFD; // TL1溢出后将TH1的值装入
  16   1        TL1   = 0xFD; // 9600bps
  17   1        ET1   = 0;    // 关闭定时器1中断
  18   1        TR1   = 1;    // 开定时器1
  19   1      }
  20          /**********************************/
  21          
  22          
  23          //  串口调试
  24          //void Uart_print(void)
  25          //{
  26          //  uchar temp = 0;
  27          //  temp = SPI_Read(0x00);
  28          //  SBUF = temp;
  29          //  while(!TI);
  30          //  TI = 0;
  31          //}
  32          
  33          void Timer0_Init(void)
  34          {
  35   1        TMOD &= 0xF0;
  36   1        TMOD |= 0x01;
  37   1        TL0 = 0x00;   //设置定时初值
  38   1        TH0 = 0xDC;   //设置定时初值
  39   1        TR0 = 1;
  40   1      }
  41          
  42          void main()
  43          {
  44   1      //  Uart_Init();
  45   1        P3M1 = 0x00;
  46   1        P3M0 = 0x00;
  47   1        Timer0_Init();
  48   1        SetTX_Mode();
  49   1        DelayMs(500);
  50   1        while(1)
  51   1        {
  52   2          if(TF0)
  53   2          {
  54   3            TF0 = 0;
C51 COMPILER V9.06   MAIN                                                                  11/11/2016 23:23:05 PAGE 2   

  55   3            TL0 = 0x00;   //设置定时初值
  56   3            TH0 = 0xDC;   //设置定时初值
  57   3            Keyscan();  
  58   3          }
  59   2      
  60   2      //  SPI_RW_Reg(WRITE_REG + STATUS,0x7E);        //  清除状态寄存器
  61   2      //  SPI_Write_Buf(W_TX_PAYLOAD,TX_DAT,TX_PLOAD_WIDTH);  //  装载数据
  62   2      //  NRF24L01_TxPacket(TX_DAT);    //  发送
  63   2      //  while(1);
  64   2      //  //  发送数据后打印status、fifo_status寄存器
  65   2      //  while(1);
  66   2        }
  67   1      }


MODULE INFORMATION:   STATIC OVERLAYABLE
   CODE SIZE        =     69    ----
   CONSTANT SIZE    =   ----    ----
   XDATA SIZE       =   ----    ----
   PDATA SIZE       =   ----    ----
   DATA SIZE        =   ----    ----
   IDATA SIZE       =   ----    ----
   BIT SIZE         =   ----    ----
END OF MODULE INFORMATION.


C51 COMPILATION COMPLETE.  0 WARNING(S),  0 ERROR(S)
