C51 COMPILER V9.06   MAIN                                                                  11/29/2016 21:16:47 PAGE 1   


C51 COMPILER V9.06, COMPILATION OF MODULE MAIN
OBJECT MODULE PLACED IN .\Output\main.obj
COMPILER INVOKED BY: D:\Keil uV5\C51\BIN\C51.EXE source\main.c OMF2 OPTIMIZE(8,SPEED) BROWSE INCDIR(.\include) DEBUG PRI
                    -NT(.\Listing\main.lst) TABS(2) OBJECT(.\Output\main.obj)

line level    source

   1          #include <STC15.h> 
   2          #include "MYTYPE.h"
   3          #include "Delay.h"
   4          #include "UART.h"
   5          #include "nrf24l01_tx.h"
   6          
   7          //  火焰传感器
   8          //  NRF24L01 频道10
   9          //  收发地址：0xA2,0xAA,0x00,0x00,0x00
  10          //  设备码A2
  11          
  12          sbit HUO = P3^2;
  13          sbit moto = P3^5;
  14          void INT_Init()
  15          {
  16   1        IT0 = 1;  //外部中断0 下降沿触发
  17   1        EX0 = 1;  //使能外部中断0
  18   1      }
  19          
  20          void Timer0_Inti()  //1ms@11.0592MHz
  21          {
  22   1        AUXR &= 0x7F;
  23   1        TMOD &= 0xF0;   //16位自动重装
  24   1        TL0 = 0x66;
  25   1        TH0 = 0xFC;
  26   1        ET0 = 1;
  27   1        EA  = 1;
  28   1        TR0 = 0;
  29   1      }
  30          
  31          void INT0_ISR() interrupt 0
  32          {
  33   1          TR0 = 1;  //开始计时
  34   1          EX0 = 0;  //关闭外部中断0 
  35   1      }
  36          
  37          void Timer0_ISR() interrupt 1
  38          {
  39   1        static uint time = 0;
  40   1        time++;
  41   1        if(time > 500)//每秒检测一次警报是否消除
  42   1        {
  43   2          if(HUO)
  44   2          {
  45   3            TX_DAT[1] = 0xAA;
  46   3            moto = 1;       //关闭水泵
  47   3            EX0 = 1;
  48   3            TR0 = 0;
  49   3          }
  50   2          else
  51   2          {
  52   3            TX_DAT[1] = 0xBB;
  53   3            moto = 0;       //打开水泵
  54   3            EX0 = 0;
C51 COMPILER V9.06   MAIN                                                                  11/29/2016 21:16:47 PAGE 2   

  55   3          }
  56   2            time = 0;
  57   2        }
  58   1      }
  59          
  60          void main(void)
  61          {
  62   1        uchar i = 0;
  63   1        P1M0 = 0x00;
  64   1        P1M1 = 0x00;
  65   1        INT_Init();
  66   1        Timer0_Inti();
  67   1        SetTX_Mode();
  68   1        DelayMs(500);
  69   1        while(1)
  70   1        {
  71   2          SPI_RW_Reg(WRITE_REG + STATUS,0x7E);        //  清除状态寄存器
  72   2          SPI_Write_Buf(W_TX_PAYLOAD,TX_DAT,TX_PLOAD_WIDTH);  //  装载数据
  73   2          NRF24L01_TxPacket(TX_DAT);    //  发送
  74   2          DelayMs(50);
  75   2        }   
  76   1      }


MODULE INFORMATION:   STATIC OVERLAYABLE
   CODE SIZE        =    150    ----
   CONSTANT SIZE    =   ----    ----
   XDATA SIZE       =   ----    ----
   PDATA SIZE       =   ----    ----
   DATA SIZE        =      2       1
   IDATA SIZE       =   ----    ----
   BIT SIZE         =   ----    ----
   EDATA SIZE       =   ----    ----
   HDATA SIZE       =   ----    ----
   XDATA CONST SIZE =   ----    ----
   FAR CONST SIZE   =   ----    ----
END OF MODULE INFORMATION.


C51 COMPILATION COMPLETE.  0 WARNING(S),  0 ERROR(S)
