C51 COMPILER V9.06   UART                                                                  11/29/2016 21:16:48 PAGE 1   


C51 COMPILER V9.06, COMPILATION OF MODULE UART
OBJECT MODULE PLACED IN .\Output\UART.obj
COMPILER INVOKED BY: D:\Keil uV5\C51\BIN\C51.EXE source\UART.c OMF2 OPTIMIZE(8,SPEED) BROWSE INCDIR(.\include) DEBUG PRI
                    -NT(.\Listing\UART.lst) TABS(2) OBJECT(.\Output\UART.obj)

line level    source

   1          #include <stc15.h>
   2          #include "mytype.h"
   3          #include "uart.h"
   4          
   5          /*  11.0592Mhz  Uart串口初始化        */
   6          void Uart_Init()  // 串口初始化
   7          {
   8   1        SCON = 0x50;    //8位数据,可变波特率
   9   1        AUXR |= 0x01;   //串口1选择定时器2为波特率发生器
  10   1        AUXR &= 0xFB;   //定时器2时钟为Fosc/12,即12T
  11   1        T2L = 0xE8;   //设定定时初值
  12   1        T2H = 0xFF;   //设定定时初值
  13   1        AUXR |= 0x10;   //启动定时器2
  14   1      }
  15          /**********************************/
  16          
  17          /**********************************/
  18          //  串口调试
  19          //void Uart_print(uchar *pdat,uchar len)
  20          //{
  21          //  uchar i;
  22          //  for(i = 0; i < len; i++)
  23          //  {
  24          //    SBUF = pdat[i];
  25          //    while(!TI);
  26          //    TI = 0;   
  27          //  }
  28          //}


MODULE INFORMATION:   STATIC OVERLAYABLE
   CODE SIZE        =     19    ----
   CONSTANT SIZE    =   ----    ----
   XDATA SIZE       =   ----    ----
   PDATA SIZE       =   ----    ----
   DATA SIZE        =   ----    ----
   IDATA SIZE       =   ----    ----
   BIT SIZE         =   ----    ----
   EDATA SIZE       =   ----    ----
   HDATA SIZE       =   ----    ----
   XDATA CONST SIZE =   ----    ----
   FAR CONST SIZE   =   ----    ----
END OF MODULE INFORMATION.


C51 COMPILATION COMPLETE.  0 WARNING(S),  0 ERROR(S)
