C51 COMPILER V9.06   MAIN                                                                  05/20/2017 16:54:59 PAGE 1   


C51 COMPILER V9.06, COMPILATION OF MODULE MAIN
OBJECT MODULE PLACED IN .\Objects\main.obj
COMPILER INVOKED BY: d:\Keil_v5\C51\BIN\C51.EXE Source Code\main.c OPTIMIZE(8,SPEED) BROWSE INCDIR(.\Source Code) DEBUG 
                    -OBJECTEXTEND PRINT(.\Listings\main.lst) TABS(2) OBJECT(.\Objects\main.obj)

line level    source

   1          #include <RTX51TNY.h>
   2          #include <STC15.h>
   3          
   4          sbit LED = P2^4;
   5          
   6          job0 () _task_ 0
   7          {
   8   1        os_create_task(1);
   9   1        while(1)
  10   1        {
  11   2          LED = 1;
  12   2        }
  13   1      }
  14          
  15          job1 () _task_ 1
  16          {
  17   1        while(1)
  18   1        {
  19   2        
  20   2        }
  21   1      }


MODULE INFORMATION:   STATIC OVERLAYABLE
   CODE SIZE        =     11    ----
   CONSTANT SIZE    =   ----    ----
   XDATA SIZE       =   ----    ----
   PDATA SIZE       =   ----    ----
   DATA SIZE        =   ----    ----
   IDATA SIZE       =   ----    ----
   BIT SIZE         =   ----    ----
END OF MODULE INFORMATION.


C51 COMPILATION COMPLETE.  0 WARNING(S),  0 ERROR(S)
