C51 COMPILER V9.06   DISPALY                                                               03/17/2017 00:01:50 PAGE 1   


C51 COMPILER V9.06, COMPILATION OF MODULE DISPALY
OBJECT MODULE PLACED IN .\Output\Dispaly.obj
COMPILER INVOKED BY: D:\Keil uV5\C51\BIN\C51.EXE source code\Dispaly.c OMF2 OPTIMIZE(8,SPEED) BROWSE INCDIR(..\project2;
                    -.\source code;.\include) DEBUG PRINT(.\Listing\Dispaly.lst) TABS(2) OBJECT(.\Output\Dispaly.obj)

line level    source

   1          #include<STC12C5A.h>
   2          #include"MYTYPE.h"
   3          #include"DS18B20.h"
   4          #include"DS1302.h"
   5          #include"LCD12864.h"
   6          #include"MQ-2.h"
   7          #include"GSM-GTM900b.h"
   8          #include"Delay.h"
   9          #include"Display.h"
  10          
  11          uchar *pTAB = ZhengChang;
  12          uchar *pGSM = No_service;
  13          uchar i;
  14          void GSM_CSQ_COPS_Display()   // 营运商、信号强度显示
  15          {
  16   1      //    开机等15秒左右再执行GSM init
  17   1        
  18   1          if(GSM_CUCC)
  19   1            pGSM = CUCC;
  20   1          else if(!GSM_CUCC && !GSM_CMCC)
  21   1            pGSM = No_service;    // 无服务
  22   1          LCD_XY(2,2);  // 第一行第五列
  23   1          while(*(pGSM+i) != '\0')
  24   1          {
  25   2            LCD_Write_Dat(*(pGSM+i));
  26   2            i++;
  27   2          }
  28   1          i = 0;
  29   1            //    获取GSM信号强度 显示
  30   1          LCD_XY(4,5);
  31   1          while(CSQ[i] != '\0')
  32   1          {
  33   2            LCD_Write_Dat(CSQ[i]);
  34   2            i++;
  35   2          }
  36   1          i = 0;  
  37   1      }
  38          
  39          void Sensor_State_Display()
  40          {
  41   1        if(MQ2_flag && DS18B20_flag)
  42   1          pTAB = JingGao;
  43   1        else if(MQ2_flag)
  44   1          pTAB = QiTi;        
  45   1        else if(DS18B20_flag)
  46   1          pTAB = WenDu;       
  47   1        else
  48   1          pTAB = ZhengChang;
  49   1        LCD_XY(1,0);  // 第一行第一列     
  50   1        while(*(pTAB+i) != '\0')
  51   1        {
  52   2          LCD_Write_Dat(*(pTAB+i));
  53   2          i++;
  54   2        }
C51 COMPILER V9.06   DISPALY                                                               03/17/2017 00:01:50 PAGE 2   

  55   1        i = 0;
  56   1      }
  57          
  58          void DS18B20_Display()
  59          {
  60   1        static uchar value = 0;
  61   1        DS18B20_Temperature_Read();
  62   1        if(c[0] != '8' && c[0] != '0' && c[0] != '1' && c[0] != '2')
  63   1        {
  64   2          switch(value)
  65   2          {
  66   3            case 0:
  67   3            {
  68   4              if(c[1] == '3')
  69   4              {
  70   5                DS18B20_flag = 1;     // 温度过高
  71   5                GSM_sms_ready(warning_t); // 发送信息
  72   5                value = 1;    
  73   5              }
  74   4              else
  75   4                DS18B20_flag = 0;
  76   4            }
  77   3            break;
  78   3            case 1:
  79   3            {
  80   4              if(c[1] != '3')
  81   4              {
  82   5                DS18B20_flag = 0;
  83   5                value = 0;        
  84   5              }           
  85   4            }
  86   3            break;
  87   3            default:
  88   3            break;    
  89   3          }
  90   2        }
  91   1        else
  92   1          DS18B20_flag = 0;
  93   1        LCD_XY(1,5);  // 第一行第五列
  94   1        while(c[i] != '\0')
  95   1        {
  96   2          LCD_Write_Dat(c[i]);
  97   2          i++;
  98   2        }
  99   1        i = 0;
 100   1      }


MODULE INFORMATION:   STATIC OVERLAYABLE
   CODE SIZE        =    285    ----
   CONSTANT SIZE    =   ----    ----
   XDATA SIZE       =   ----    ----
   PDATA SIZE       =   ----    ----
   DATA SIZE        =      8    ----
   IDATA SIZE       =   ----    ----
   BIT SIZE         =   ----    ----
   EDATA SIZE       =   ----    ----
   HDATA SIZE       =   ----    ----
   XDATA CONST SIZE =   ----    ----
   FAR CONST SIZE   =   ----    ----
END OF MODULE INFORMATION.


C51 COMPILATION COMPLETE.  0 WARNING(S),  0 ERROR(S)
