C51 COMPILER V9.06   LCD12864                                                              03/17/2017 00:01:50 PAGE 1   


C51 COMPILER V9.06, COMPILATION OF MODULE LCD12864
OBJECT MODULE PLACED IN .\Output\LCD12864.obj
COMPILER INVOKED BY: D:\Keil uV5\C51\BIN\C51.EXE source code\LCD12864.c OMF2 OPTIMIZE(8,SPEED) BROWSE INCDIR(..\project2
                    -;.\source code;.\include) DEBUG PRINT(.\Listing\LCD12864.lst) TABS(2) OBJECT(.\Output\LCD12864.obj)

line level    source

   1          #include<STC12C5A.h>
   2          #include"MYTYPE.h"
   3          #include"LCD12864.h"
   4          #include"delay.h"
   5          
   6          #define COM 0xF8      
   7          #define DAT 0xFA
   8          
   9          uchar code WenDu[] = "温度报警";
  10          uchar code QiTi[] = "气体报警";
  11          uchar code JingGao[] = "警告！！";
  12          uchar code ZhengChang[] = "正常    ";
  13          uchar code CMCC[] = "中国移动";
  14          uchar code CUCC[] = "中国联通";
  15          uchar code No_service[] = "无服务";
  16          
  17          
  18          sbit LCD_CS = P2^2;   // 串行片选
  19          sbit LCD_SID = P2^3;  // 串行数据
  20          sbit LCD_CLK = P2^4;  // 串行同步时钟
  21          sbit LCD_PSB = P2^7;  // 并/串行接口选择 H-并行；L-串行
  22          // DB0~DB7
  23          // 0000 0000
  24          // P0^6~P0^0
  25          
  26          
  27          
  28          //  写数据函数
  29          void LCD_Write_Com(uchar com)
  30          {
  31   1        uchar MSB,LSB;
  32   1        MSB = (com & 0xF0);
  33   1        LSB = (com <<= 4);
  34   1        LCD_Write_Byte(COM);    // 写入指令
  35   1        LCD_Write_Byte(MSB);    // 写入指令高8位
  36   1        LCD_Write_Byte(LSB);    // 写入指令低8位
  37   1      }
  38          
  39          //  写指令函数
  40          void LCD_Write_Dat(uchar dat)
  41          {
  42   1        uchar MSB,LSB;
  43   1        MSB = (dat & 0xF0);
  44   1        LSB = (dat <<= 4);
  45   1        LCD_Write_Byte(DAT);    // 写入数据
  46   1        LCD_Write_Byte(MSB);    // 写入数据高8位
  47   1        LCD_Write_Byte(LSB);    // 写入数据低8位
  48   1      }
  49          
  50          //  写入一字节
  51          void LCD_Write_Byte(uchar dat)
  52          {
  53   1        uchar i;
  54   1        for(i = 0; i < 8; i++)
C51 COMPILER V9.06   LCD12864                                                              03/17/2017 00:01:50 PAGE 2   

  55   1        {
  56   2          LCD_CLK = 0;
  57   2          if(dat & 0x80)
  58   2            LCD_SID = 1;
  59   2          else
  60   2            LCD_SID = 0;
  61   2          LCD_CLK = 1;
  62   2          dat <<= 1;
  63   2        }
  64   1      }
  65          
  66          void LCD_XY(uchar x,y)
  67          {
  68   1        uchar uX,XY;
  69   1        if(1 == x)
  70   1          uX = 0x80;    // 第一行
  71   1        else if(2 == x)
  72   1          uX = 0x90;    // 第二行
  73   1        else if(3 == x)
  74   1          uX = 0x88;    // 第三行
  75   1        else if(4 == x)   
  76   1          uX = 0x98;    // 第四行
  77   1        XY = uX+y;
  78   1        LCD_Write_Com(XY);
  79   1      }
  80          
  81          void LCD12864_Init()
  82          {
  83   1        LCD_PSB = 0;
  84   1        LCD_CS = 1;   
  85   1        LCD_Write_Com(0x30);    // 功能设置：基本指令
  86   1        DelayMs(10);
  87   1        LCD_Write_Com(0x01);    // 清屏
  88   1        DelayMs(10);
  89   1        LCD_Write_Com(0x0C);    // 显示状态：开显示，游标关闭
  90   1        DelayMs(10);  
  91   1      }


MODULE INFORMATION:   STATIC OVERLAYABLE
   CODE SIZE        =    170    ----
   CONSTANT SIZE    =     61    ----
   XDATA SIZE       =   ----    ----
   PDATA SIZE       =   ----    ----
   DATA SIZE        =   ----       5
   IDATA SIZE       =   ----    ----
   BIT SIZE         =   ----    ----
   EDATA SIZE       =   ----    ----
   HDATA SIZE       =   ----    ----
   XDATA CONST SIZE =   ----    ----
   FAR CONST SIZE   =   ----    ----
END OF MODULE INFORMATION.


C51 COMPILATION COMPLETE.  0 WARNING(S),  0 ERROR(S)
