C51 COMPILER V9.06   MQ_2                                                                  03/17/2017 00:01:50 PAGE 1   


C51 COMPILER V9.06, COMPILATION OF MODULE MQ_2
OBJECT MODULE PLACED IN .\Output\MQ-2.obj
COMPILER INVOKED BY: D:\Keil uV5\C51\BIN\C51.EXE source code\MQ-2.c OMF2 OPTIMIZE(8,SPEED) BROWSE INCDIR(..\project2;.\s
                    -ource code;.\include) DEBUG PRINT(.\Listing\MQ-2.lst) TABS(2) OBJECT(.\Output\MQ-2.obj)

line level    source

   1          #include<STC12C5A.h>
   2          #include"MYTYPE.h"
   3          #include"MQ-2.h"
   4          #include"Delay.h"
   5          
   6          
   7          bit MQ2_flag = 0;
   8          
   9          //void Int0_ISR() interrupt 0   
  10          //{
  11          //  EX0 = 0;    // 关闭外部中断0
  12          //  MQ2_flag = 1; // 发现有害气体标识
  13          //          // 主程序循环检测“MQ2”直到稳定低电平  
  14          //}
  15          //
  16          //void Int0_Init()  // 外部中断0初始化
  17          //{
  18          //  IT0 = 1;  // 外部中断0 下降沿触发
  19          //  EX0 = 1;  // 外部中断0 中断允许
  20          //  EA  = 1;  // 开总中断
  21          //}


MODULE INFORMATION:   STATIC OVERLAYABLE
   CODE SIZE        =   ----    ----
   CONSTANT SIZE    =   ----    ----
   XDATA SIZE       =   ----    ----
   PDATA SIZE       =   ----    ----
   DATA SIZE        =   ----    ----
   IDATA SIZE       =   ----    ----
   BIT SIZE         =      1    ----
   EDATA SIZE       =   ----    ----
   HDATA SIZE       =   ----    ----
   XDATA CONST SIZE =   ----    ----
   FAR CONST SIZE   =   ----    ----
END OF MODULE INFORMATION.


C51 COMPILATION COMPLETE.  0 WARNING(S),  0 ERROR(S)
