C51 COMPILER V9.06   UART                                                                  11/12/2016 11:29:00 PAGE 1   


C51 COMPILER V9.06, COMPILATION OF MODULE UART
OBJECT MODULE PLACED IN .\Output\UART.obj
COMPILER INVOKED BY: D:\Keil uV5\C51\BIN\C51.EXE source code\UART.c OMF2 OPTIMIZE(8,SPEED) BROWSE INCDIR(.\include;..\系
                    -统;.\source code) DEBUG PRINT(.\Listing\UART.lst) TABS(2) OBJECT(.\Output\UART.obj)

line level    source

   1          #include <stc15.h>
   2          #include "mytype.h"
   3          #include "uart.h"
   4          #include "nrf24l01_tx.h"
   5          
   6          /*  11.0592Mhz  Uart串口初始化        */
   7          void Uart_Init()  // 串口初始化
   8          {
   9   1        SCON = 0x50;    //8位数据,可变波特率
  10   1        AUXR |= 0x01;   //串口1选择定时器2为波特率发生器
  11   1        AUXR &= 0xFB;   //定时器2时钟为Fosc/12,即12T
  12   1        T2L = 0xE8;   //设定定时初值
  13   1        T2H = 0xFF;   //设定定时初值
  14   1        AUXR |= 0x10;   //启动定时器2
  15   1      }
  16          /**********************************/
  17          
  18          /**********************************/
  19          //  串口调试
  20          void Uart_print(void)
  21          {
  22   1        uchar temp = 0;
  23   1        temp = SPI_Read(CD);
  24   1        SBUF = temp;
  25   1        while(!TI);
  26   1        TI = 0;
  27   1      }


MODULE INFORMATION:   STATIC OVERLAYABLE
   CODE SIZE        =     33    ----
   CONSTANT SIZE    =   ----    ----
   XDATA SIZE       =   ----    ----
   PDATA SIZE       =   ----    ----
   DATA SIZE        =   ----    ----
   IDATA SIZE       =   ----    ----
   BIT SIZE         =   ----    ----
   EDATA SIZE       =   ----    ----
   HDATA SIZE       =   ----    ----
   XDATA CONST SIZE =   ----    ----
   FAR CONST SIZE   =   ----    ----
END OF MODULE INFORMATION.


C51 COMPILATION COMPLETE.  0 WARNING(S),  0 ERROR(S)
