C51 COMPILER V9.06   DELAY                                                                 08/24/2017 21:59:21 PAGE 1   


C51 COMPILER V9.06, COMPILATION OF MODULE DELAY
OBJECT MODULE PLACED IN .\Objects\Delay.obj
COMPILER INVOKED BY: D:\Keil_v5\C51\BIN\C51.EXE source code\Delay.c OMF2 OPTIMIZE(8,SPEED) BROWSE INCDIR(.\include;.\sou
                    -rce code) DEBUG PRINT(.\Listings\Delay.lst) TABS(2) OBJECT(.\Objects\Delay.obj)

line level    source

*** WARNING C500 IN LINE 1 OF source code\Delay.c: LICENSE ERROR (R207(3): REGISTRY READ ERROR)

   1          #include <stc15.h>
   2          #include <intrins.h>
   3          #include "MYTYPE.h"
   4          #include "Delay.h"
   5          
   6          //  11.0592延时函数，单位ms
   7          void DelayMs(uint16 ms)
   8          {
   9   1        uint16 uiVal,ujVal;
  10   1        for(uiVal = 0; uiVal < ms; uiVal++)
  11   1          for(ujVal = 0; ujVal < 120; ujVal++);
  12   1      }
  13          ////  11.0592Mhz  约1us延时
  14          void DelayUs(uint16 us)   
  15          { 
  16   1        while(us--)
  17   1          _nop_();
  18   1      }


MODULE INFORMATION:   STATIC OVERLAYABLE
   CODE SIZE        =     46    ----
   CONSTANT SIZE    =   ----    ----
   XDATA SIZE       =   ----    ----
   PDATA SIZE       =   ----    ----
   DATA SIZE        =   ----    ----
   IDATA SIZE       =   ----    ----
   BIT SIZE         =   ----    ----
   EDATA SIZE       =   ----    ----
   HDATA SIZE       =   ----    ----
   XDATA CONST SIZE =   ----    ----
   FAR CONST SIZE   =   ----    ----
END OF MODULE INFORMATION.


C51 COMPILATION COMPLETE.  1 WARNING(S),  0 ERROR(S)
