C51 COMPILER V9.06   DS1302                                                                11/29/2016 20:41:04 PAGE 1   


C51 COMPILER V9.06, COMPILATION OF MODULE DS1302
OBJECT MODULE PLACED IN .\Output\DS1302.obj
COMPILER INVOKED BY: D:\Keil uV5\C51\BIN\C51.EXE source code\DS1302.c LARGE OMF2 OPTIMIZE(8,SPEED) BROWSE INCDIR(.\inclu
                    -de;..\系统;.\source code) DEBUG PRINT(.\Listing\DS1302.lst) TABS(2) OBJECT(.\Output\DS1302.obj)

line level    source

   1          #include <stc15.h>
   2          #include <intrins.h>
   3          #include "mytype.h"
   4          #include "ds1302.h"
   5          #include "delay.h"
   6          #include "lcd12864.h"
   7          
   8          sbit DS_SCLK = P2^1;
   9          sbit DS_IO = P2^2;
  10          sbit DS_CE = P2^3;
  11          
  12          uchar DATE[] = {20,42,00,16,11,29}; // 时 分 秒 年 月 日
  13          uchar code DATE_Write_Add[]= {0x84,0x82,0x80,0x8C,0x88,0x86};   // 写寄存器
  14          uchar code DATE_Read_Add[] = {0x85,0x83,0x81,0x8D,0x89,0x87};   // 读寄存器
  15          uchar code WEI[] = {0xFE,0xFD,0xFB,0xF7,0xFF};    // 数码管位码
  16          //uchar code DUAN[] = {0xC0,0xF9,0xA4,0xB0,0x99,0x92,0x82,0xF8,0x80,0x90,0x88,0x83,0xC6,0xA1,0x86,0x8E};  /
             -/ 共阳数码管0~F 不带点
  17          uchar code ASCII[] = {'0','1','2','3','4','5','6','7','8','9'};
  18          uchar DATE_Buf[6] = {0x00};
  19          uchar Dis_DATE[12] = {0x00};
  20          
  21          void Write_DS1302_Byte(uchar dat)
  22          {
  23   1        uchar i;
  24   1        for(i = 0; i < 8; i++)
  25   1        {
  26   2          DS_SCLK = 0;
  27   2          DS_IO = dat & 0x01;
  28   2          DS_SCLK = 1;
  29   2          dat >>= 1;
  30   2        }
  31   1      }
  32          
  33          void Write_DS1302(uchar add,uchar dat)
  34          {
  35   1        DS_CE = 0;
  36   1        DelayUs(1);
  37   1        DS_SCLK = 0;
  38   1        DelayUs(1);
  39   1        DS_CE = 1;    // 使能芯片
  40   1        DelayUs(1);
  41   1        Write_DS1302_Byte(add);
  42   1        Write_DS1302_Byte(dat);
  43   1        DS_CE = 0;    // 失能芯片
  44   1        DelayUs(1);
  45   1        DS_IO = 1;    // 释放数据
  46   1        DS_SCLK = 1;  // 释放时钟
  47   1      }
  48          
  49          uchar Read_DS1302_Byte(uchar add)
  50          {
  51   1        uchar temp = 0x00;
  52   1        uchar i;
  53   1        DS_CE = 0;
C51 COMPILER V9.06   DS1302                                                                11/29/2016 20:41:04 PAGE 2   

  54   1        DelayUs(1);
  55   1        DS_SCLK = 0;
  56   1        DelayUs(1);
  57   1        DS_CE = 1;    // 使能芯片
  58   1        DelayUs(1);
  59   1        Write_DS1302_Byte(add);
  60   1        for(i = 0; i < 8; i++)
  61   1        { 
  62   2          temp >>= 1; 
  63   2          DS_SCLK = 0;    
  64   2          if(DS_IO)  
  65   2            temp = temp|0x80;
  66   2          DS_SCLK = 1;     
  67   2        } 
  68   1        DS_CE = 0;    // 失能芯片
  69   1        DelayUs(1);
  70   1        DS_IO = 1;    // 释放数据
  71   1        DS_SCLK = 1;  // 释放时钟
  72   1        return temp;  
  73   1      }
  74          
  75          void Set_DS1302_TIME() 
  76          {
  77   1        uchar i,ge,shi;
  78   1        for(i = 0; i < 6; i++)
  79   1        {
  80   2          shi = DATE[i]/10;
  81   2          ge  = DATE[i]%10;
  82   2          DATE[i] = shi<<4 | ge;  
  83   2        }
  84   1        for(i = 0; i < 6; i++)
  85   1        {
  86   2          Write_DS1302(DATE_Write_Add[i],DATE[i]);
  87   2          DelayUs(200);
  88   2        }
  89   1      }
  90          
  91          void DS1302_Init()
  92          {
  93   1          Write_DS1302(0x8E,0x00);  // 去除写保护
  94   1            DelayUs(200);
  95   1          Set_DS1302_TIME();        // 写入时间日期
  96   1          Write_DS1302(0x8E,0x80);  // 加写保护
  97   1      }
  98          
  99          void DS1302_Time_Display(void)
 100          {
 101   1        uchar i;
 102   1        for(i = 0; i < 6; i++)
 103   1        {   
 104   2          DATE_Buf[i] = Read_DS1302_Byte(DATE_Read_Add[i]);
 105   2          DelayUs(100);
 106   2          Dis_DATE[i*2] = DATE_Buf[i] >> 4;
 107   2          Dis_DATE[i*2+1] = DATE_Buf[i] & 0x0F;                 
 108   2        }
 109   1        LCD_Write_com(0x80+0x1C); // 换行
 110   1        DelayUs(100);     
 111   1        for(i = 0; i < 6; i++)     
 112   1        {
 113   2      //    SBUF = Dis_DATE[i]+0x30;
 114   2      //    while(!TI);
 115   2      //    TI = 0; 
C51 COMPILER V9.06   DS1302                                                                11/29/2016 20:41:04 PAGE 3   

 116   2          if(i == 2 || i == 4)
 117   2            LCD_Write_data(':');          
 118   2          LCD_Write_data(Dis_DATE[i]+0x30);  
 119   2          DelayUs(100);
 120   2        }
 121   1      }
 122          
 123          //void main(void)
 124          //{
 125          //  uchar i;
 126          //  Uart_Init();        // 串口初始化       
 127          //  Write_DS1302(0x8E,0x00);  // 去除写保护
 128          //  //Set_DS1302_TIME();      // 写入时间日期
 129          //  Write_DS1302(0x8E,0x80);  // 加写保护
 130          //  while(1)
 131          //  {
 132          //    for(i = 0; i < 6; i++)
 133          //    {
 134          //      DATE_Buf[i] = Read_DS1302_Byte(DATE_Read_Add[i]);
 135          //      Dis_DATE[i*2] = DATE_Buf[i]>>4;
 136          //      Dis_DATE[i*2+1] = DATE_Buf[i]&0x0F;   
 137          //    }
 138          //    SBUF = Dis_DATE[4];
 139          //    while(!TI);
 140          //    TI = 0;
 141          //    Display();  
 142          //  }
 143          //}


MODULE INFORMATION:   STATIC OVERLAYABLE
   CODE SIZE        =    500    ----
   CONSTANT SIZE    =     27    ----
   XDATA SIZE       =     24       6
   PDATA SIZE       =   ----    ----
   DATA SIZE        =   ----    ----
   IDATA SIZE       =   ----    ----
   BIT SIZE         =   ----    ----
   EDATA SIZE       =   ----    ----
   HDATA SIZE       =   ----    ----
   XDATA CONST SIZE =   ----    ----
   FAR CONST SIZE   =   ----    ----
END OF MODULE INFORMATION.


C51 COMPILATION COMPLETE.  0 WARNING(S),  0 ERROR(S)
