C51 COMPILER V9.06   INIT                                                                  11/29/2016 20:41:04 PAGE 1   


C51 COMPILER V9.06, COMPILATION OF MODULE INIT
OBJECT MODULE PLACED IN .\Output\init.obj
COMPILER INVOKED BY: D:\Keil uV5\C51\BIN\C51.EXE source code\init.c LARGE OMF2 OPTIMIZE(8,SPEED) BROWSE INCDIR(.\include
                    -;..\系统;.\source code) DEBUG PRINT(.\Listing\init.lst) TABS(2) OBJECT(.\Output\init.obj)

line level    source

   1          #include <stc15.h>
   2          #include "mytype.h"
   3          #include "LCD12864.h"
   4          #include "ds1302.h"
   5          #include "delay.h"
   6          #include "uart.h"
   7          #include "nrf24l01_rx.h"
   8          
   9          
  10          void INIT(void)
  11          {
  12   1          P2M0 = 0xFF;
  13   1          P2M1 = 0x00;    
  14   1          P4M0 = 0x00;
  15   1          P4M1 = 0x00;
  16   1          P3M0 = 0x00;
  17   1          P3M1 = 0x00;
  18   1      
  19   1          NRF24L01_Init();      //  NRF24L01无线模块初始化          
  20   1      //    DS1302_Init();        //  DS1302时钟模块初始化
  21   1          LCD_Init();           //  LCD12864液晶初始化
  22   1      }


MODULE INFORMATION:   STATIC OVERLAYABLE
   CODE SIZE        =     20    ----
   CONSTANT SIZE    =   ----    ----
   XDATA SIZE       =   ----    ----
   PDATA SIZE       =   ----    ----
   DATA SIZE        =   ----    ----
   IDATA SIZE       =   ----    ----
   BIT SIZE         =   ----    ----
   EDATA SIZE       =   ----    ----
   HDATA SIZE       =   ----    ----
   XDATA CONST SIZE =   ----    ----
   FAR CONST SIZE   =   ----    ----
END OF MODULE INFORMATION.


C51 COMPILATION COMPLETE.  0 WARNING(S),  0 ERROR(S)
