C51 COMPILER V9.06   UART                                                                  11/29/2016 20:41:04 PAGE 1   


C51 COMPILER V9.06, COMPILATION OF MODULE UART
OBJECT MODULE PLACED IN .\Output\UART.obj
COMPILER INVOKED BY: D:\Keil uV5\C51\BIN\C51.EXE source code\UART.c LARGE OMF2 OPTIMIZE(8,SPEED) BROWSE INCDIR(.\include
                    -;..\系统;.\source code) DEBUG PRINT(.\Listing\UART.lst) TABS(2) OBJECT(.\Output\UART.obj)

line level    source

   1          #include <stc15.h>
   2          #include "mytype.h"
   3          #include "uart.h"
   4          #include "a6.h"
   5          
   6          
   7          
   8          void UART1_SendData(uchar dat)
   9          {
  10   1        ES=0;         //关串口中断
  11   1        SBUF=dat;     
  12   1        while(TI!=1); //等待发送成功
  13   1        TI=0;         //清除发送中断标志
  14   1        ES=1;         //开串口中断
  15   1      }
  16          
  17          void UART1_SendString(char *s)
  18          {
  19   1        while(*s)//检测字符串结束符
  20   1        {
  21   2          UART1_SendData(*s++);//发送当前字符
  22   2        }
  23   1      }
  24          
  25          
  26          /********************* UART1中断函数************************/
  27          void UART1_int (void) interrupt 4
  28          {
  29   1        if (RI)
  30   1          {
  31   2            RI = 0;                           //清除RI位
  32   2            Uart1_Buf[First_Int] = SBUF;      //将接收到的字符串存到缓存中
  33   2            First_Int++;                      //缓存指针向后移动
  34   2            if(First_Int > Buf1_Max)          //如果缓存满,将缓存指针指向缓存的首地址
  35   2            {
  36   3              First_Int = 0;
  37   3            }
  38   2          }
  39   1          if (TI)
  40   1          {
  41   2              TI = 0;                          //清除TI位
  42   2          }
  43   1      }
  44          
  45          void USART1_Init(void)
  46          {
  47   1        SCON = 0x50;
  48   1        AUXR |= 0x01;
  49   1        AUXR &= 0xFB; 
  50   1        T2L = 0xFE;
  51   1        T2H = 0xFF;
  52   1        AUXR |= 0x10; 
  53   1        ES  = 1;
  54   1        EA = 1;
C51 COMPILER V9.06   UART                                                                  11/29/2016 20:41:04 PAGE 2   

  55   1      }


MODULE INFORMATION:   STATIC OVERLAYABLE
   CODE SIZE        =    146    ----
   CONSTANT SIZE    =   ----    ----
   XDATA SIZE       =   ----       3
   PDATA SIZE       =   ----    ----
   DATA SIZE        =   ----    ----
   IDATA SIZE       =   ----    ----
   BIT SIZE         =   ----    ----
   EDATA SIZE       =   ----    ----
   HDATA SIZE       =   ----    ----
   XDATA CONST SIZE =   ----    ----
   FAR CONST SIZE   =   ----    ----
END OF MODULE INFORMATION.


C51 COMPILATION COMPLETE.  0 WARNING(S),  0 ERROR(S)
