C51 COMPILER V9.06   ULTRASONIC                                                            04/18/2016 02:18:47 PAGE 1   


C51 COMPILER V9.06, COMPILATION OF MODULE ULTRASONIC
OBJECT MODULE PLACED IN ultrasonic.OBJ
COMPILER INVOKED BY: d:\Keil uV4\C51\BIN\C51.EXE ultrasonic.c BROWSE DEBUG OBJECTEXTEND

line level    source

   1          #include <reg52.h>
   2          #include <intrins.h>
   3          typedef unsigned char uchar;
   4          typedef unsigned int uint;
   5          
   6          uint TIME;
   7          uchar code TAB[] = {'0','1','2','3','4','5','6','7','8','9'};
   8          uchar t[] = {'0','0','0','C','M','\n'};
   9          
  10          sbit Tring = P1^7;              // 控制端
  11          sbit Echo = P3^2;               // 接收端
  12          
  13          //      11.0592Mhz      约2us延时
  14          void delay(uint time)           
  15          {       
  16   1              uint i;
  17   1              for(i = 0; i < time; i++)
  18   1                      _nop_();
  19   1      }
  20          //      11.0592延时函数，单位ms
  21          void DelayMs(uchar time)
  22          {
  23   1              uchar i,j;
  24   1              while(time--)
  25   1              {
  26   2                      for(i = 0; i < 9; i++)
  27   2                              for(j = 0; j < 177; j++);
  28   2              }       
  29   1      }
  30          
  31          void Timer0_ISR() interrupt 1
  32          {
  33   1              while(!Echo)    // 每进来一次判断接收端是否低电平
  34   1                      TIME++;         // 时间++               1.085069444444444
  35   1      
  36   1              TR0 = 0;                // Echo变高时，关闭定时器
  37   1              EX0 = 1;                // 打开外部中断0
  38   1      }
  39          
  40          void Count()
  41          {
  42   1              float temp;
  43   1              uchar i;
  44   1              uchar ge,shi,bai;
  45   1              temp = TIME * 1.085069444444444 / 58;
  46   1              i = temp;
  47   1              bai = i/100;    
  48   1              shi = i%100/10; 
  49   1              ge  = i%100%10;
  50   1              t[0] = TAB[bai];
  51   1              t[1] = TAB[shi];
  52   1              t[2] = TAB[ge];
  53   1      
  54   1              TIME = 0;
  55   1      }
C51 COMPILER V9.06   ULTRASONIC                                                            04/18/2016 02:18:47 PAGE 2   

  56          
  57          void Printf()
  58          {
  59   1              uchar i;
  60   1              for(i = 0; i < 6; i++)
  61   1              {
  62   2                      SBUF = t[i];
  63   2                      while(!TI);
  64   2                      TI = 0;
  65   2              }
  66   1      }
  67          void Timer0_Init()
  68          {
  69   1              TMOD &= 0xF0;           // 设置定时器模式
  70   1              TMOD |= 0x02;           // 设置定时器模式
  71   1              TL0 = 0xFF;                     // 设置定时初值
  72   1              TH0 = 0xFF;                     // 设置定时重载值
  73   1              TF0 = 0;                        // 清除TF0标志
  74   1              ET0 = 1;                        // 定时器0 允许中断
  75   1              TR0 = 0;
  76   1      }
  77          
  78          void Int0_ISR() interrupt 0             
  79          {
  80   1              EX0 = 0;                // 关闭外部中断0
  81   1              TR0 = 1;                // 打开定时器0、TIME开始计数    
  82   1      }
  83          
  84          void Int0_Init()        // 外部中断0初始化
  85          {
  86   1              IT0 = 0;        // 外部中断0 下降沿触发
  87   1              EX0     = 1;    // 外部中断0 中断允许
  88   1              EA  = 1;        // 开总中断
  89   1      } 
  90          
  91          /*  11.0592Mhz  Uart串口初始化              */
  92          void Uart_Init()        // 串口初始化
  93          {
  94   1              TMOD &= 0x0F;   // 保留后定时器0设置，清空定时器1设置
  95   1              TMOD |= 0x20;   // 定时器1 模式2
  96   1              SCON |= 0x50;   // 串口方式1，8位UART波特率可变，可接收
  97   1              TH1   = 0xFD;   // TL1溢出后将TH1的值装入
  98   1              TL1   = 0xFD;   // 9600bps
  99   1              ET1   = 0;              // 关闭定时器1中断
 100   1              TR1   = 1;              // 开定时器1
 101   1      }
 102          /**********************************/
 103          
 104          void main()
 105          {
 106   1              Uart_Init();
 107   1              Int0_Init();
 108   1              Timer0_Init();
 109   1              while(1)
 110   1              {
 111   2                      Tring = 1;              // 触发信号开始
 112   2                      delay(10);              // 延时20us
 113   2                      Tring = 0;              // 触发信号结束
 114   2                      DelayMs(100);
 115   2                      Count();
 116   2                      Printf();
 117   2              }
C51 COMPILER V9.06   ULTRASONIC                                                            04/18/2016 02:18:47 PAGE 3   

 118   1      }


MODULE INFORMATION:   STATIC OVERLAYABLE
   CODE SIZE        =    249    ----
   CONSTANT SIZE    =     10    ----
   XDATA SIZE       =   ----    ----
   PDATA SIZE       =   ----    ----
   DATA SIZE        =      8    ----
   IDATA SIZE       =   ----    ----
   BIT SIZE         =   ----    ----
END OF MODULE INFORMATION.


C51 COMPILATION COMPLETE.  0 WARNING(S),  0 ERROR(S)
