C51 COMPILER V9.06   MAIN                                                                  11/09/2016 11:01:16 PAGE 1   


C51 COMPILER V9.06, COMPILATION OF MODULE MAIN
OBJECT MODULE PLACED IN .\Output\main.obj
COMPILER INVOKED BY: D:\Keil uV4\C51\BIN\C51.EXE source code\main.c BROWSE INCDIR(..\NRF24L01_RX;.\source code;.\Include
                    -) DEBUG OBJECTEXTEND PRINT(.\Listings\main.lst) OBJECT(.\Output\main.obj)

line level    source

   1          #include <stc12c2052ad.h>
   2          #include "MYTYPE.h"
   3          #include "NRF24L01_RX.h"
   4          #include "Delay.h"
   5          #include "keyscan.h"
   6          
   7          /*  11.0592Mhz  Uart串口初始化              */
   8          void Uart_Init()        // 串口初始化
   9          {
  10   1              TMOD &= 0x0F;   // 保留后定时器0设置，清空定时器1设置
  11   1              TMOD |= 0x20;   // 定时器1 模式2
  12   1              SCON |= 0x50;   // 串口方式1，8位UART波特率可变，可接收
  13   1              TH1   = 0xFD;   // TL1溢出后将TH1的值装入
  14   1              TL1   = 0xFD;   // 9600bps
  15   1              ET1   = 0;              // 关闭定时器1中断
  16   1              TR1   = 1;              // 开定时器1
  17   1      }
  18          /**********************************/
  19          //      串口调试
  20          void Uart_print(void)
  21          {
  22   1              uchar temp = 0;
  23   1              temp = SPI_Read(CD);
  24   1              SBUF = temp;
  25   1              while(!TI);
  26   1              TI = 0;
  27   1      }
  28          
  29          
  30          void main()
  31          {       
  32   1              Uart_Init();            //      串口初始化
  33   1              NRF24L01_Init();        //      NRF24L01初始化
  34   1              DelayMs(1000);
  35   1              while(1)
  36   1              {
  37   2      //              SetRX_Mode();
  38   2      //              NRF24L01_RxPacket(RX_DAT);
  39   2                      Uart_print();
  40   2      //              motor();
  41   2                      
  42   2              }
  43   1      }


MODULE INFORMATION:   STATIC OVERLAYABLE
   CODE SIZE        =     52    ----
   CONSTANT SIZE    =   ----    ----
   XDATA SIZE       =   ----    ----
   PDATA SIZE       =   ----    ----
   DATA SIZE        =   ----    ----
   IDATA SIZE       =   ----    ----
   BIT SIZE         =   ----    ----
END OF MODULE INFORMATION.

C51 COMPILER V9.06   MAIN                                                                  11/09/2016 11:01:16 PAGE 2   


C51 COMPILATION COMPLETE.  0 WARNING(S),  0 ERROR(S)
