C51 COMPILER V9.06   ____________                                                          11/16/2016 21:22:51 PAGE 1   


C51 COMPILER V9.06, COMPILATION OF MODULE ____________
OBJECT MODULE PLACED IN 蓝牙串口测试.OBJ
COMPILER INVOKED BY: D:\Keil uV5\C51\BIN\C51.EXE 蓝牙串口测试.c OPTIMIZE(8,SPEED) DEBUG OBJECTEXTEND TABS(2)

line level    source

   1          #include <reg52.h>
   2          sbit led1 = P1^7;
   3          sbit  led2 = P1^6;    //定义红色LED 引脚
   4          
   5          void com_ser() interrupt 4    //串口中断处理函数，收到数据后产生中断，在这里处理
   6          {
   7   1        unsigned char temp;        //定义一个变量，用来存放电脑端发来的数据
   8   1      
   9   1        if(RI)                    //如果数据已经接收完，即RI=1
  10   1         {
  11   2          RI=0;                //对RI进行清零
  12   2          temp = SBUF;        //把收到的数据赋值给变量（注意接收的写法）
  13   2        }  
  14   1      
  15   1        if(temp=='1')        //判断收到的数据是不是小写的 1
  16   1        {
  17   2          if(led1==1)
  18   2          {
  19   3            SBUF = 'O';
  20   3            led1 = 0;
  21   3          }
  22   2            else
  23   2            {
  24   3              SBUF = 'N';
  25   3              led1 = 1;
  26   3            }  
  27   2        }
  28   1       
  29   1        if(temp=='2')        //判断收到的数据是不是小写的 1
  30   1        {
  31   2          if(led2==1)
  32   2          {
  33   3          SBUF = 'O';
  34   3          led2 = 0;
  35   3          }
  36   2            else
  37   2            {
  38   3            SBUF = 'N';
  39   3            led2 = 1;
  40   3            }     
  41   2        }
  42   1      
  43   1        if(temp=='0')
  44   1        {
  45   2        SBUF = 'N';
  46   2        led1 = 1;
  47   2        led2 = 1;
  48   2        }
  49   1      
  50   1      while(!TI);            //判断数据是否发送完毕，即TI=1，没发完就在这等待
  51   1      TI = 0;                    //发送完后对TI进行清零
  52   1      }
  53          
  54          
  55          
C51 COMPILER V9.06   ____________                                                          11/16/2016 21:22:51 PAGE 2   

  56          void main()                    //主函数
  57          {
  58   1      /******************设定定时器*********************/
  59   1        TMOD = 0x20;            //设定定时器的工作方式（方式2）
  60   1        TH1  = 0xfd;            //设定波特率为 9600 bps （在11.0592MHZ晶振时）
  61   1        TL1  = 0xfd;
  62   1       
  63   1      /*******************设定串口**********************/
  64   1        SM0  = 0;                //SM0 和 SM1 设定串口的工作方式（方式1）
  65   1        SM1  = 1;
  66   1        REN  = 1;                //允许串口接收外部传来的数据
  67   1       
  68   1      /******************设定中断**********************/
  69   1        ES   = 1;                //允许串口收到数据后产生中断通知我们
  70   1        EA   = 1;                //因为总中断开关是控制所有中断的，所以要把它打开
  71   1        TR1  = 1;                //启动定时器，串口就开始工作喽！
  72   1      
  73   1      while(1);
  74   1      }


MODULE INFORMATION:   STATIC OVERLAYABLE
   CODE SIZE        =     93    ----
   CONSTANT SIZE    =   ----    ----
   XDATA SIZE       =   ----    ----
   PDATA SIZE       =   ----    ----
   DATA SIZE        =   ----    ----
   IDATA SIZE       =   ----    ----
   BIT SIZE         =   ----    ----
END OF MODULE INFORMATION.


C51 COMPILATION COMPLETE.  0 WARNING(S),  0 ERROR(S)
