C51 COMPILER V9.54   INTERRUPT_EXTERIOR                                                    11/05/2015 22:12:42 PAGE 1   


C51 COMPILER V9.54, COMPILATION OF MODULE INTERRUPT_EXTERIOR
OBJECT MODULE PLACED IN .\Objects\interrupt exterior.obj
COMPILER INVOKED BY: d:\Keil uV5\C51\BIN\C51.EXE interrupt exterior.c OPTIMIZE(8,SPEED) BROWSE DEBUG OBJECTEXTEND PRINT(
                    -.\Listings\interrupt exterior.lst) TABS(2) OBJECT(.\Objects\interrupt exterior.obj)

line level    source

   1          #include<stc12c2052ad.h>
   2          //外部中断0
   3          //P3.2按键按下，产生外部中断，外部中断0服务程序处理按键扫描、消抖程序
   4          //点亮P1.7 LED灯
   5          
   6          typedef unsigned char uchar;
   7          typedef unsigned int uint;
   8          
   9          sbit Init0 = P3^2;
  10          sbit LED1 = P1^7;
  11          
  12          
  13          //外部中断0服务程序
  14          void Init0_ISR(void) interrupt 0
  15          {
  16   1        EX0 = 0;    //禁止外部中断0中断
  17   1        LED1 = ~LED1;
  18   1        EX0 =  1;
  19   1      }
  20          
  21          void main(void)
  22          {
  23   1        IT0 = 0;  //外部中断0，低电平触发
  24   1        EX0 = 1;  //允许外部中断0中断
  25   1        EA = 1;   //开总中断
  26   1        while(1);
  27   1      }


MODULE INFORMATION:   STATIC OVERLAYABLE
   CODE SIZE        =     15    ----
   CONSTANT SIZE    =   ----    ----
   XDATA SIZE       =   ----    ----
   PDATA SIZE       =   ----    ----
   DATA SIZE        =   ----    ----
   IDATA SIZE       =   ----    ----
   BIT SIZE         =   ----    ----
END OF MODULE INFORMATION.


C51 COMPILATION COMPLETE.  0 WARNING(S),  0 ERROR(S)
